生成启动时间为 2018/11/22 18:26:48。
     1>项目“C:\Users\ss\Documents\Visual Studio 2010\Projects\mdhscollection\mdhscollection\mdhscollection.vcxproj”在节点 2 上(build 个目标)。
     1>InitializeBuildStatus:
         正在创建“Debug\mdhscollection.unsuccessfulbuild”，因为已指定“AlwaysCreate”。
       Midl:
         所有输出均为最新。
       ClCompile:
         所有输出均为最新。
         D:\Program Files (x86)\Microsoft Visual Studio 10.0\VC\bin\CL.exe /c /ZI /nologo /W3 /WX- /Od /Oy- /D WIN32 /D _WINDOWS /D _DEBUG /D _MBCS /D _AFXDLL /Gm /EHsc /RTC1 /MDd /GS /fp:precise /Zc:wchar_t /Zc:forScope /Yu"StdAfx.h" /Fp"Debug\mdhscollection.pch" /Fo"Debug\\" /Fd"Debug\vc100.pdb" /Gd /TP /analyze- /errorReport:prompt mdhscollectionDlg.cpp
         mdhscollectionDlg.cpp
     1>c:\users\ss\documents\visual studio 2010\projects\mdhscollection\mdhscollection\mdhscollectiondlg.cpp(358): warning C4996: '_itoa': This function or variable may be unsafe. Consider using _itoa_s instead. To disable deprecation, use _CRT_SECURE_NO_WARNINGS. See online help for details.
                 d:\program files (x86)\microsoft visual studio 10.0\vc\include\stdlib.h(451) : 参见“_itoa”的声明
     1>c:\users\ss\documents\visual studio 2010\projects\mdhscollection\mdhscollection\mdhscollectiondlg.cpp(359): warning C4996: '_itoa': This function or variable may be unsafe. Consider using _itoa_s instead. To disable deprecation, use _CRT_SECURE_NO_WARNINGS. See online help for details.
                 d:\program files (x86)\microsoft visual studio 10.0\vc\include\stdlib.h(451) : 参见“_itoa”的声明
     1>c:\users\ss\documents\visual studio 2010\projects\mdhscollection\mdhscollection\mdhscollectiondlg.cpp(409): warning C4996: 'strcat': This function or variable may be unsafe. Consider using strcat_s instead. To disable deprecation, use _CRT_SECURE_NO_WARNINGS. See online help for details.
                 d:\program files (x86)\microsoft visual studio 10.0\vc\include\string.h(110) : 参见“strcat”的声明
     1>c:\users\ss\documents\visual studio 2010\projects\mdhscollection\mdhscollection\mdhscollectiondlg.cpp(417): warning C4996: 'fopen': This function or variable may be unsafe. Consider using fopen_s instead. To disable deprecation, use _CRT_SECURE_NO_WARNINGS. See online help for details.
                 d:\program files (x86)\microsoft visual studio 10.0\vc\include\stdio.h(234) : 参见“fopen”的声明
       ResourceCompile:
         所有输出均为最新。
       ManifestResourceCompile:
         所有输出均为最新。
       Link:
         D:\Program Files (x86)\Microsoft Visual Studio 10.0\VC\bin\link.exe /ERRORREPORT:PROMPT /OUT:"C:\Users\ss\Documents\Visual Studio 2010\Projects\mdhscollection\Debug\mdhscollection.exe" /INCREMENTAL /NOLOGO /MANIFEST /ManifestFile:"Debug\mdhscollection.exe.intermediate.manifest" /MANIFESTUAC:"level='asInvoker' uiAccess='false'" /DEBUG /PDB:"C:\Users\ss\Documents\Visual Studio 2010\Projects\mdhscollection\Debug\mdhscollection.pdb" /SUBSYSTEM:WINDOWS /TLBID:1 /DYNAMICBASE /NXCOMPAT /IMPLIB:"C:\Users\ss\Documents\Visual Studio 2010\Projects\mdhscollection\Debug\mdhscollection.lib" /MACHINE:X86 Debug\mdhscollection.res
         Debug\mdhscollection.exe.embed.manifest.res
         Debug\des.obj
         Debug\DlgProxy.obj
         Debug\mdhscollection.obj
         Debug\mdhscollectionDlg.obj
         Debug\stdafx.obj
       Manifest:
         c:\Program Files (x86)\Microsoft SDKs\Windows\v7.0A\bin\mt.exe /nologo /verbose /out:"Debug\mdhscollection.exe.embed.manifest" /manifest Debug\mdhscollection.exe.intermediate.manifest "D:\Program Files (x86)\Microsoft Visual Studio 10.0\VC\Include\Manifest\dpiaware.manifest"
         所有输出均为最新。
       LinkEmbedManifest:
         所有输出均为最新。
         mdhscollection.vcxproj -> C:\Users\ss\Documents\Visual Studio 2010\Projects\mdhscollection\Debug\mdhscollection.exe
       RegisterOutput:
         "C:\Users\ss\Documents\Visual Studio 2010\Projects\mdhscollection\Debug\mdhscollection.exe" /RegServer
       FinalizeBuildStatus:
         正在删除文件“Debug\mdhscollection.unsuccessfulbuild”。
         正在对“Debug\mdhscollection.lastbuildstate”执行 Touch 任务。
     1>已完成生成项目“C:\Users\ss\Documents\Visual Studio 2010\Projects\mdhscollection\mdhscollection\mdhscollection.vcxproj”(build 个目标)的操作。

生成成功。

已用时间 00:00:03.87
